2021-10-20 12:35:28.055 [info] <0.44.0> Application lager started on node nonode@nohost
2021-10-20 12:35:28.063 [info] <0.44.0> Application xmerl started on node nonode@nohost
2021-10-20 12:35:28.077 [info] <0.44.0> Application sasl started on node nonode@nohost
2021-10-20 12:35:28.078 [info] <0.44.0> Application tools started on node nonode@nohost
2021-10-20 12:35:28.078 [info] <0.44.0> Application jsx started on node nonode@nohost
2021-10-20 12:35:28.078 [info] <0.44.0> Application recon started on node nonode@nohost
2021-10-20 12:35:28.184 [info] <0.44.0> Application credentials_obfuscation started on node nonode@nohost
2021-10-20 12:35:28.184 [info] <0.44.0> Application rabbit_common started on node nonode@nohost
2021-10-20 12:35:28.208 [info] <0.44.0> Application amqp_client started on node nonode@nohost
2021-10-20 12:35:28.223 [info] <0.44.0> Application amqp started on node nonode@nohost
2021-10-20 12:35:28.224 [info] <0.44.0> Application eex started on node nonode@nohost
2021-10-20 12:35:28.252 [info] <0.44.0> Application mime started on node nonode@nohost
2021-10-20 12:35:28.260 [info] <0.44.0> Application plug_crypto started on node nonode@nohost
2021-10-20 12:35:28.283 [info] <0.44.0> Application telemetry started on node nonode@nohost
2021-10-20 12:35:28.294 [info] <0.44.0> Application plug started on node nonode@nohost
2021-10-20 12:35:28.294 [info] <0.44.0> Application unicode_util_compat started on node nonode@nohost
2021-10-20 12:35:28.295 [info] <0.44.0> Application idna started on node nonode@nohost
2021-10-20 12:35:28.295 [info] <0.44.0> Application mimerl started on node nonode@nohost
2021-10-20 12:35:28.296 [info] <0.44.0> Application certifi started on node nonode@nohost
2021-10-20 12:35:28.297 [info] <0.44.0> Application parse_trans started on node nonode@nohost
2021-10-20 12:35:28.299 [info] <0.44.0> Application ssl_verify_fun started on node nonode@nohost
2021-10-20 12:35:28.299 [info] <0.44.0> Application metrics started on node nonode@nohost
2021-10-20 12:35:28.367 [info] <0.44.0> Application hackney started on node nonode@nohost
2021-10-20 12:35:28.395 [info] <0.44.0> Application bamboo started on node nonode@nohost
2021-10-20 12:35:28.420 [info] <0.44.0> Application phoenix_pubsub started on node nonode@nohost
2021-10-20 12:35:28.421 [info] <0.44.0> Application phoenix_view started on node nonode@nohost
2021-10-20 12:35:28.456 [info] <0.44.0> Application phoenix started on node nonode@nohost
2021-10-20 12:35:28.456 [info] <0.44.0> Application decimal started on node nonode@nohost
2021-10-20 12:35:28.465 [info] <0.44.0> Application ecto started on node nonode@nohost
2021-10-20 12:35:28.471 [info] <0.44.0> Application phoenix_ecto started on node nonode@nohost
2021-10-20 12:35:28.471 [info] <0.44.0> Application connection started on node nonode@nohost
2021-10-20 12:35:28.493 [info] <0.44.0> Application db_connection started on node nonode@nohost
2021-10-20 12:35:28.497 [info] <0.44.0> Application ecto_sql started on node nonode@nohost
2021-10-20 12:35:28.578 [info] <0.44.0> Application postgrex started on node nonode@nohost
2021-10-20 12:35:28.579 [info] <0.44.0> Application phoenix_html started on node nonode@nohost
2021-10-20 12:35:28.584 [info] <0.44.0> Application phoenix_live_view started on node nonode@nohost
2021-10-20 12:35:28.585 [info] <0.44.0> Application telemetry_metrics started on node nonode@nohost
2021-10-20 12:35:28.603 [info] <0.44.0> Application phoenix_live_dashboard started on node nonode@nohost
2021-10-20 12:35:28.603 [info] <0.44.0> Application jason started on node nonode@nohost
2021-10-20 12:35:28.630 [info] <0.44.0> Application swoosh started on node nonode@nohost
2021-10-20 12:35:28.659 [info] <0.44.0> Application telemetry_poller started on node nonode@nohost
2021-10-20 12:35:28.659 [info] <0.44.0> Application cowlib started on node nonode@nohost
2021-10-20 12:35:28.703 [info] <0.44.0> Application ranch started on node nonode@nohost
2021-10-20 12:35:28.722 [info] <0.44.0> Application cowboy started on node nonode@nohost
2021-10-20 12:35:28.722 [info] <0.44.0> Application cowboy_telemetry started on node nonode@nohost
2021-10-20 12:35:28.737 [info] <0.44.0> Application plug_cowboy started on node nonode@nohost
2021-10-20 12:35:28.738 [info] <0.44.0> Application ex_json_schema started on node nonode@nohost
2021-10-20 12:35:28.745 [info] <0.44.0> Application phoenix_swagger started on node nonode@nohost
2021-10-20 12:35:28.746 [info] <0.44.0> Application poison started on node nonode@nohost
2021-10-20 12:35:28.750 [info] <0.44.0> Application gen_smtp started on node nonode@nohost
2021-10-20 12:35:29.098 [warning] <0.345.0> lager_error_logger_h dropped 22 messages in the last second that exceeded the limit of 50 messages/sec
2021-10-20 12:35:29.174 [info] <0.44.0> Application hangman started on node nonode@nohost
2021-10-20 12:35:54.720 [error] <0.655.0> CRASH REPORT Process <0.655.0> with 0 neighbours exited with reason: {{{{#{'__exception__' => true,'__struct__' => 'Elixir.Phoenix.Router.NoRouteError',conn => #{'__struct__' => 'Elixir.Plug.Conn',adapter => {'Elixir.Plug.Cowboy.Conn',#{bindings => #{},body_length => 0,cert => undefined,has_body => false,headers => #{<<"accept">> => <<"text/html,application/xhtml+xml,application/xml;q=0.9,image/avif,image/webp,*/*;q=0.8">>,<<"accept-encoding">> => <<"gzip, deflate">>,<<"accept-language">> => <<"en-US,en;q=0.5">>,<<"connection">> => <<"keep-alive">>,<<"...">> => ...,...},...}},...},...},...},...},...},...}
2021-10-20 12:35:54.754 [error] <0.655.0> Cowboy stream 1 with ranch listener 'Elixir.HangmanWeb.Endpoint.HTTP' and connection process <0.654.0> had its request process exit with reason: {{{#{'__exception__' => true,'__struct__' => 'Elixir.Phoenix.Router.NoRouteError',conn => #{'__struct__' => 'Elixir.Plug.Conn',adapter => {'Elixir.Plug.Cowboy.Conn',#{bindings => #{},body_length => 0,cert => undefined,has_body => false,headers => #{<<"accept">> => <<"text/html,application/xhtml+xml,application/xml;q=0.9,image/avif,image/webp,*/*;q=0.8">>,<<"accept-encoding">> => <<"gzip, deflate">>,<<"accept-language">> => <<"en-US,en;q=0.5">>,<<"connection">> => <<"keep-alive">>,<<"...">> => ...,...},...}},...},...},...},...},...}
2021-10-20 12:36:59.848 [error] <0.658.0> CRASH REPORT Process <0.658.0> with 0 neighbours exited with reason: {{{{#{'__exception__' => true,'__struct__' => 'Elixir.Phoenix.Router.NoRouteError',conn => #{'__struct__' => 'Elixir.Plug.Conn',adapter => {'Elixir.Plug.Cowboy.Conn',#{bindings => #{},body_length => 0,cert => undefined,has_body => false,headers => #{<<"accept">> => <<"text/html,application/xhtml+xml,application/xml;q=0.9,image/avif,image/webp,*/*;q=0.8">>,<<"accept-encoding">> => <<"gzip, deflate">>,<<"accept-language">> => <<"en-US,en;q=0.5">>,<<"connection">> => <<"keep-alive">>,<<"...">> => ...,...},...}},...},...},...},...},...},...}
2021-10-20 12:36:59.853 [error] <0.658.0> Cowboy stream 1 with ranch listener 'Elixir.HangmanWeb.Endpoint.HTTP' and connection process <0.657.0> had its request process exit with reason: {{{#{'__exception__' => true,'__struct__' => 'Elixir.Phoenix.Router.NoRouteError',conn => #{'__struct__' => 'Elixir.Plug.Conn',adapter => {'Elixir.Plug.Cowboy.Conn',#{bindings => #{},body_length => 0,cert => undefined,has_body => false,headers => #{<<"accept">> => <<"text/html,application/xhtml+xml,application/xml;q=0.9,image/avif,image/webp,*/*;q=0.8">>,<<"accept-encoding">> => <<"gzip, deflate">>,<<"accept-language">> => <<"en-US,en;q=0.5">>,<<"connection">> => <<"keep-alive">>,<<"...">> => ...,...},...}},...},...},...},...},...}
2021-10-20 12:57:25.620 [info] <0.44.0> Application lager started on node nonode@nohost
2021-10-20 12:57:25.628 [info] <0.44.0> Application xmerl started on node nonode@nohost
2021-10-20 12:57:25.641 [info] <0.44.0> Application sasl started on node nonode@nohost
2021-10-20 12:57:25.644 [info] <0.44.0> Application tools started on node nonode@nohost
2021-10-20 12:57:25.644 [info] <0.44.0> Application jsx started on node nonode@nohost
2021-10-20 12:57:25.644 [info] <0.44.0> Application recon started on node nonode@nohost
2021-10-20 12:57:25.767 [info] <0.44.0> Application credentials_obfuscation started on node nonode@nohost
2021-10-20 12:57:25.768 [info] <0.44.0> Application rabbit_common started on node nonode@nohost
2021-10-20 12:57:25.797 [info] <0.44.0> Application amqp_client started on node nonode@nohost
2021-10-20 12:57:25.817 [info] <0.44.0> Application amqp started on node nonode@nohost
2021-10-20 12:57:25.818 [info] <0.44.0> Application eex started on node nonode@nohost
2021-10-20 12:57:25.859 [info] <0.44.0> Application mime started on node nonode@nohost
2021-10-20 12:57:25.870 [info] <0.44.0> Application plug_crypto started on node nonode@nohost
2021-10-20 12:57:25.910 [info] <0.44.0> Application telemetry started on node nonode@nohost
2021-10-20 12:57:25.946 [info] <0.44.0> Application plug started on node nonode@nohost
2021-10-20 12:57:25.947 [info] <0.44.0> Application unicode_util_compat started on node nonode@nohost
2021-10-20 12:57:25.947 [info] <0.44.0> Application idna started on node nonode@nohost
2021-10-20 12:57:25.947 [info] <0.44.0> Application mimerl started on node nonode@nohost
2021-10-20 12:57:25.948 [info] <0.44.0> Application certifi started on node nonode@nohost
2021-10-20 12:57:25.948 [info] <0.44.0> Application parse_trans started on node nonode@nohost
2021-10-20 12:57:25.948 [info] <0.44.0> Application ssl_verify_fun started on node nonode@nohost
2021-10-20 12:57:25.949 [info] <0.44.0> Application metrics started on node nonode@nohost
2021-10-20 12:57:26.065 [info] <0.44.0> Application hackney started on node nonode@nohost
2021-10-20 12:57:26.116 [info] <0.44.0> Application bamboo started on node nonode@nohost
2021-10-20 12:57:26.135 [info] <0.44.0> Application phoenix_pubsub started on node nonode@nohost
2021-10-20 12:57:26.140 [info] <0.44.0> Application phoenix_view started on node nonode@nohost
2021-10-20 12:57:26.172 [info] <0.44.0> Application phoenix started on node nonode@nohost
2021-10-20 12:57:26.173 [info] <0.44.0> Application decimal started on node nonode@nohost
2021-10-20 12:57:26.198 [info] <0.44.0> Application ecto started on node nonode@nohost
2021-10-20 12:57:26.203 [info] <0.44.0> Application phoenix_ecto started on node nonode@nohost
2021-10-20 12:57:26.203 [info] <0.44.0> Application connection started on node nonode@nohost
2021-10-20 12:57:26.235 [info] <0.44.0> Application db_connection started on node nonode@nohost
2021-10-20 12:57:26.244 [info] <0.44.0> Application ecto_sql started on node nonode@nohost
2021-10-20 12:57:26.356 [info] <0.44.0> Application postgrex started on node nonode@nohost
2021-10-20 12:57:26.358 [info] <0.44.0> Application phoenix_html started on node nonode@nohost
2021-10-20 12:57:26.361 [info] <0.44.0> Application phoenix_live_view started on node nonode@nohost
2021-10-20 12:57:26.363 [info] <0.44.0> Application telemetry_metrics started on node nonode@nohost
2021-10-20 12:57:26.378 [info] <0.44.0> Application phoenix_live_dashboard started on node nonode@nohost
2021-10-20 12:57:26.379 [info] <0.44.0> Application jason started on node nonode@nohost
2021-10-20 12:57:26.404 [info] <0.44.0> Application swoosh started on node nonode@nohost
2021-10-20 12:57:26.435 [info] <0.44.0> Application telemetry_poller started on node nonode@nohost
2021-10-20 12:57:26.436 [info] <0.44.0> Application cowlib started on node nonode@nohost
2021-10-20 12:57:26.481 [info] <0.44.0> Application ranch started on node nonode@nohost
2021-10-20 12:57:26.502 [info] <0.44.0> Application cowboy started on node nonode@nohost
2021-10-20 12:57:26.502 [info] <0.44.0> Application cowboy_telemetry started on node nonode@nohost
2021-10-20 12:57:26.511 [info] <0.44.0> Application plug_cowboy started on node nonode@nohost
2021-10-20 12:57:26.512 [info] <0.44.0> Application ex_json_schema started on node nonode@nohost
2021-10-20 12:57:26.518 [info] <0.44.0> Application phoenix_swagger started on node nonode@nohost
2021-10-20 12:57:26.519 [info] <0.44.0> Application poison started on node nonode@nohost
2021-10-20 12:57:26.519 [info] <0.44.0> Application gen_smtp started on node nonode@nohost
2021-10-20 12:57:26.520 [info] <0.44.0> Application bamboo_smtp started on node nonode@nohost
2021-10-20 12:57:26.992 [info] <0.44.0> Application hangman started on node nonode@nohost
2021-10-20 13:16:35.864 [error] <0.689.0> CRASH REPORT Process <0.689.0> with 0 neighbours exited with reason: {{{{#{'__exception__' => true,'__struct__' => 'Elixir.Phoenix.Ecto.PendingMigrationError',repo => 'Elixir.Hangman.Repo'},[{'Elixir.Phoenix.Ecto.CheckRepoStatus','check_pending_migrations!',2,[{file,"lib/phoenix_ecto/check_repo_status.ex"},{line,67}]},{'Elixir.Phoenix.Ecto.CheckRepoStatus','-call/2-fun-0-',3,[{file,"lib/phoenix_ecto/check_repo_status.ex"},{line,27}]},{'Elixir.Enum','-reduce/3-lists^foldl/2-0-',3,[{file,"lib/enum.ex"},{line,2385}]},{'Elixir.Phoenix.Ecto.CheckRepoStatus',call,...},...]},...},...},...}
2021-10-20 13:16:35.874 [error] <0.689.0> Cowboy stream 1 with ranch listener 'Elixir.HangmanWeb.Endpoint.HTTP' and connection process <0.688.0> had its request process exit with reason: {{{#{'__exception__' => true,'__struct__' => 'Elixir.Phoenix.Ecto.PendingMigrationError',repo => 'Elixir.Hangman.Repo'},[{'Elixir.Phoenix.Ecto.CheckRepoStatus','check_pending_migrations!',2,[{file,"lib/phoenix_ecto/check_repo_status.ex"},{line,67}]},{'Elixir.Phoenix.Ecto.CheckRepoStatus','-call/2-fun-0-',3,[{file,"lib/phoenix_ecto/check_repo_status.ex"},{line,27}]},{'Elixir.Enum','-reduce/3-lists^foldl/2-0-',3,[{file,"lib/enum.ex"},{line,2385}]},{'Elixir.Phoenix.Ecto.CheckRepoStatus',call,...},...]},...},...}
2021-10-20 13:16:40.607 [error] <0.691.0> CRASH REPORT Process <0.691.0> with 0 neighbours exited with reason: {{{{#{'__exception__' => true,'__struct__' => 'Elixir.Phoenix.Ecto.PendingMigrationError',repo => 'Elixir.Hangman.Repo'},[{'Elixir.Phoenix.Ecto.CheckRepoStatus','check_pending_migrations!',2,[{file,"lib/phoenix_ecto/check_repo_status.ex"},{line,67}]},{'Elixir.Phoenix.Ecto.CheckRepoStatus','-call/2-fun-0-',3,[{file,"lib/phoenix_ecto/check_repo_status.ex"},{line,27}]},{'Elixir.Enum','-reduce/3-lists^foldl/2-0-',3,[{file,"lib/enum.ex"},{line,2385}]},{'Elixir.Phoenix.Ecto.CheckRepoStatus',call,...},...]},...},...},...}
2021-10-20 13:16:40.608 [error] <0.691.0> Cowboy stream 2 with ranch listener 'Elixir.HangmanWeb.Endpoint.HTTP' and connection process <0.688.0> had its request process exit with reason: {{{#{'__exception__' => true,'__struct__' => 'Elixir.Phoenix.Ecto.PendingMigrationError',repo => 'Elixir.Hangman.Repo'},[{'Elixir.Phoenix.Ecto.CheckRepoStatus','check_pending_migrations!',2,[{file,"lib/phoenix_ecto/check_repo_status.ex"},{line,67}]},{'Elixir.Phoenix.Ecto.CheckRepoStatus','-call/2-fun-0-',3,[{file,"lib/phoenix_ecto/check_repo_status.ex"},{line,27}]},{'Elixir.Enum','-reduce/3-lists^foldl/2-0-',3,[{file,"lib/enum.ex"},{line,2385}]},{'Elixir.Phoenix.Ecto.CheckRepoStatus',call,...},...]},...},...}
2021-10-21 12:35:53.633 [info] <0.44.0> Application lager started on node nonode@nohost
2021-10-21 12:35:53.658 [info] <0.44.0> Application xmerl started on node nonode@nohost
2021-10-21 12:35:53.683 [info] <0.44.0> Application sasl started on node nonode@nohost
2021-10-21 12:35:53.683 [info] <0.44.0> Application tools started on node nonode@nohost
2021-10-21 12:35:53.683 [info] <0.44.0> Application jsx started on node nonode@nohost
2021-10-21 12:35:53.683 [info] <0.44.0> Application recon started on node nonode@nohost
2021-10-21 12:35:53.953 [info] <0.44.0> Application credentials_obfuscation started on node nonode@nohost
2021-10-21 12:35:53.953 [info] <0.44.0> Application rabbit_common started on node nonode@nohost
2021-10-21 12:35:54.009 [info] <0.44.0> Application amqp_client started on node nonode@nohost
2021-10-21 12:35:54.068 [info] <0.44.0> Application amqp started on node nonode@nohost
2021-10-21 12:35:54.118 [info] <0.44.0> Application mime started on node nonode@nohost
2021-10-21 12:35:54.137 [info] <0.44.0> Application plug_crypto started on node nonode@nohost
2021-10-21 12:35:54.152 [info] <0.44.0> Application plug started on node nonode@nohost
2021-10-21 12:35:54.165 [info] <0.44.0> Application unicode_util_compat started on node nonode@nohost
2021-10-21 12:35:54.166 [info] <0.44.0> Application idna started on node nonode@nohost
2021-10-21 12:35:54.169 [info] <0.44.0> Application mimerl started on node nonode@nohost
2021-10-21 12:35:54.170 [info] <0.44.0> Application certifi started on node nonode@nohost
2021-10-21 12:35:54.171 [info] <0.44.0> Application parse_trans started on node nonode@nohost
2021-10-21 12:35:54.177 [info] <0.44.0> Application ssl_verify_fun started on node nonode@nohost
2021-10-21 12:35:54.177 [info] <0.44.0> Application metrics started on node nonode@nohost
2021-10-21 12:35:54.297 [info] <0.44.0> Application hackney started on node nonode@nohost
2021-10-21 12:35:54.332 [info] <0.44.0> Application bamboo started on node nonode@nohost
2021-10-21 12:35:54.349 [info] <0.44.0> Application phoenix_pubsub started on node nonode@nohost
2021-10-21 12:35:54.354 [info] <0.44.0> Application phoenix_view started on node nonode@nohost
2021-10-21 12:35:54.428 [info] <0.44.0> Application phoenix started on node nonode@nohost
2021-10-21 12:35:54.455 [info] <0.44.0> Application phoenix_ecto started on node nonode@nohost
2021-10-21 12:35:54.464 [info] <0.44.0> Application phoenix_html started on node nonode@nohost
2021-10-21 12:35:54.472 [info] <0.44.0> Application phoenix_live_view started on node nonode@nohost
2021-10-21 12:35:54.472 [info] <0.44.0> Application telemetry_metrics started on node nonode@nohost
2021-10-21 12:35:54.517 [info] <0.44.0> Application phoenix_live_dashboard started on node nonode@nohost
2021-10-21 12:35:54.520 [info] <0.44.0> Application jason started on node nonode@nohost
2021-10-21 12:35:54.596 [info] <0.44.0> Application swoosh started on node nonode@nohost
2021-10-21 12:35:54.652 [info] <0.44.0> Application telemetry_poller started on node nonode@nohost
2021-10-21 12:35:54.653 [info] <0.44.0> Application cowlib started on node nonode@nohost
2021-10-21 12:37:58.462 [info] <0.44.0> Application lager started on node nonode@nohost
2021-10-21 12:37:58.501 [info] <0.44.0> Application xmerl started on node nonode@nohost
2021-10-21 12:37:58.501 [info] <0.44.0> Application sasl started on node nonode@nohost
2021-10-21 12:37:58.501 [info] <0.44.0> Application tools started on node nonode@nohost
2021-10-21 12:37:58.501 [info] <0.44.0> Application jsx started on node nonode@nohost
2021-10-21 12:37:58.501 [info] <0.44.0> Application recon started on node nonode@nohost
2021-10-21 12:37:58.705 [info] <0.44.0> Application credentials_obfuscation started on node nonode@nohost
2021-10-21 12:37:58.705 [info] <0.44.0> Application rabbit_common started on node nonode@nohost
2021-10-21 12:37:58.765 [info] <0.44.0> Application amqp_client started on node nonode@nohost
2021-10-21 12:37:58.801 [info] <0.44.0> Application amqp started on node nonode@nohost
2021-10-21 12:37:58.804 [info] <0.44.0> Application eex started on node nonode@nohost
2021-10-21 12:37:58.881 [info] <0.44.0> Application mime started on node nonode@nohost
2021-10-21 12:37:58.891 [info] <0.44.0> Application plug_crypto started on node nonode@nohost
2021-10-21 12:37:58.950 [info] <0.44.0> Application telemetry started on node nonode@nohost
2021-10-21 12:37:58.977 [info] <0.44.0> Application plug started on node nonode@nohost
2021-10-21 12:37:58.994 [info] <0.44.0> Application unicode_util_compat started on node nonode@nohost
2021-10-21 12:37:58.995 [info] <0.44.0> Application idna started on node nonode@nohost
2021-10-21 12:37:59.005 [info] <0.44.0> Application mimerl started on node nonode@nohost
2021-10-21 12:37:59.008 [info] <0.44.0> Application certifi started on node nonode@nohost
2021-10-21 12:37:59.009 [info] <0.44.0> Application parse_trans started on node nonode@nohost
2021-10-21 12:37:59.013 [info] <0.44.0> Application ssl_verify_fun started on node nonode@nohost
2021-10-21 12:37:59.013 [info] <0.44.0> Application metrics started on node nonode@nohost
2021-10-21 12:37:59.154 [info] <0.44.0> Application hackney started on node nonode@nohost
2021-10-21 12:37:59.201 [info] <0.44.0> Application bamboo started on node nonode@nohost
2021-10-21 12:37:59.212 [info] <0.44.0> Application phoenix_pubsub started on node nonode@nohost
2021-10-21 12:37:59.212 [info] <0.44.0> Application phoenix_view started on node nonode@nohost
2021-10-21 12:37:59.309 [info] <0.44.0> Application phoenix started on node nonode@nohost
2021-10-21 12:37:59.309 [info] <0.44.0> Application decimal started on node nonode@nohost
2021-10-21 12:37:59.353 [info] <0.44.0> Application ecto started on node nonode@nohost
2021-10-21 12:37:59.357 [info] <0.44.0> Application phoenix_ecto started on node nonode@nohost
2021-10-21 12:37:59.358 [info] <0.44.0> Application connection started on node nonode@nohost
2021-10-21 12:37:59.390 [info] <0.44.0> Application db_connection started on node nonode@nohost
2021-10-21 12:37:59.394 [info] <0.44.0> Application ecto_sql started on node nonode@nohost
2021-10-21 12:37:59.534 [info] <0.44.0> Application postgrex started on node nonode@nohost
2021-10-21 12:37:59.554 [info] <0.44.0> Application phoenix_html started on node nonode@nohost
2021-10-21 12:37:59.583 [info] <0.44.0> Application phoenix_live_view started on node nonode@nohost
2021-10-21 12:37:59.583 [info] <0.44.0> Application telemetry_metrics started on node nonode@nohost
2021-10-21 12:37:59.628 [info] <0.44.0> Application phoenix_live_dashboard started on node nonode@nohost
2021-10-21 12:37:59.630 [info] <0.44.0> Application jason started on node nonode@nohost
2021-10-21 12:37:59.669 [info] <0.44.0> Application swoosh started on node nonode@nohost
2021-10-21 12:37:59.715 [info] <0.44.0> Application telemetry_poller started on node nonode@nohost
2021-10-21 12:37:59.717 [info] <0.44.0> Application cowlib started on node nonode@nohost
2021-10-21 12:37:59.779 [info] <0.44.0> Application ranch started on node nonode@nohost
2021-10-21 12:37:59.830 [info] <0.44.0> Application cowboy started on node nonode@nohost
2021-10-21 12:37:59.833 [info] <0.44.0> Application cowboy_telemetry started on node nonode@nohost
2021-10-21 12:37:59.858 [info] <0.44.0> Application plug_cowboy started on node nonode@nohost
2021-10-21 12:37:59.859 [info] <0.44.0> Application ex_json_schema started on node nonode@nohost
2021-10-21 12:37:59.867 [info] <0.44.0> Application phoenix_swagger started on node nonode@nohost
2021-10-21 12:37:59.867 [info] <0.44.0> Application poison started on node nonode@nohost
2021-10-21 12:37:59.870 [info] <0.44.0> Application gen_smtp started on node nonode@nohost
2021-10-21 12:37:59.870 [info] <0.44.0> Application bamboo_smtp started on node nonode@nohost
2021-10-21 12:37:59.871 [info] <0.44.0> Application comeonin started on node nonode@nohost
2021-10-21 12:37:59.871 [info] <0.44.0> Application argon2_elixir started on node nonode@nohost
2021-10-21 12:38:00.398 [info] <0.44.0> Application hangman started on node nonode@nohost
